2016-04-14 05:04:43 [stack startID]:{1360877}
2016-04-14 05:04:43 [stack endID]:{1361062}
2016-04-14 05:04:43 [access]:{167}
2016-04-14 11:04:21 [stack startID]:{1361063}
2016-04-14 11:04:21 [stack endID]:{1361062}
2016-04-14 11:04:21 [access]:{8}
2016-04-14 11:04:51 [stack startID]:{1361063}
2016-04-14 11:04:51 [stack endID]:{1361062}
2016-04-14 11:04:51 [access]:{8}
2016-04-17 18:04:45 [最新数据2016-04-17，今天没有更新]:{}
2016-04-17 18:04:57 [stack startID]:{1361923}
2016-04-17 18:04:57 [stack endID]:{1362422}
2016-04-17 18:04:57 [access]:{435}
2016-04-17 18:04:07 [stack startID]:{1362423}
2016-04-17 18:04:07 [stack endID]:{1362922}
2016-04-17 18:04:07 [access]:{453}
2016-04-17 18:04:45 [stack startID]:{1362923}
2016-04-17 18:04:46 [stack endID]:{1362978}
2016-04-17 18:04:46 [access]:{58}
2016-04-17 18:04:27 [stack startID]:{1362979}
2016-04-17 18:04:27 [stack endID]:{1362978}
2016-04-17 18:04:27 [access]:{11}
2016-04-17 18:04:42 [stack startID]:{1362979}
2016-04-17 18:04:42 [stack endID]:{1362978}
2016-04-17 18:04:42 [access]:{11}
2016-04-18 09:04:42 [stack startID]:{1363084}
2016-04-18 09:04:42 [stack endID]:{1363256}
2016-04-18 09:04:42 [access]:{156}
2016-04-18 11:04:33 [stack startID]:{1363257}
2016-04-18 11:04:33 [stack endID]:{1363343}
2016-04-18 11:04:33 [access]:{83}
2016-04-18 17:04:23 [stack startID]:{1363344}
2016-04-18 17:04:23 [stack endID]:{1363543}
2016-04-18 17:04:23 [access]:{175}
2016-04-18 17:04:48 [stack startID]:{1363544}
2016-04-18 17:04:48 [stack endID]:{1363543}
2016-04-18 17:04:48 [access]:{0}
2016-04-19 08:04:08 [stack startID]:{1363664}
2016-04-19 08:04:08 [stack endID]:{1363663}
2016-04-19 08:04:08 [access]:{8}
2016-04-19 09:04:48 [stack startID]:{1363664}
2016-04-19 09:04:48 [stack endID]:{1363746}
2016-04-19 09:04:48 [access]:{69}
2016-04-19 12:04:03 [stack startID]:{1363747}
2016-04-19 12:04:03 [stack endID]:{1363854}
2016-04-19 12:04:03 [access]:{96}
2016-04-19 22:04:59 [stack startID]:{1363855}
2016-04-19 22:04:59 [stack endID]:{1364179}
2016-04-19 22:04:59 [access]:{288}
2016-04-20 00:04:49 [stack startID]:{1364180}
2016-04-20 00:04:49 [stack endID]:{1364179}
2016-04-20 00:04:49 [access]:{1}
2016-04-20 18:04:32 [stack startID]:{1364180}
2016-04-20 18:04:32 [stack endID]:{1364648}
2016-04-20 18:04:32 [access]:{403}
2016-04-21 09:04:44 [stack startID]:{1364752}
2016-04-21 09:04:44 [stack endID]:{1364880}
2016-04-21 09:04:44 [access]:{111}
2016-04-21 10:04:59 [stack startID]:{1364881}
2016-04-21 10:04:59 [stack endID]:{1364917}
2016-04-21 10:04:59 [access]:{41}
2016-04-22 07:04:01 [stack startID]:{1365284}
2016-04-22 07:04:01 [stack endID]:{1365283}
2016-04-22 07:04:01 [access]:{8}
2016-04-22 22:04:24 [stack startID]:{1365284}
2016-04-22 22:04:24 [stack endID]:{1365789}
2016-04-22 22:04:24 [access]:{462}
2016-04-23 08:04:56 [stack startID]:{1365790}
2016-04-23 08:04:56 [stack endID]:{1365789}
2016-04-23 08:04:56 [access]:{15}
2016-04-23 09:04:46 [stack startID]:{1365790}
2016-04-23 09:04:46 [stack endID]:{1365789}
2016-04-23 09:04:46 [access]:{12}
2016-04-23 10:04:48 [stack startID]:{1365790}
2016-04-23 10:04:48 [stack endID]:{1365789}
2016-04-23 10:04:48 [access]:{11}
2016-04-23 10:04:45 [stack startID]:{1365790}
2016-04-23 10:04:45 [stack endID]:{1365789}
2016-04-23 10:04:45 [access]:{-1}
2016-04-23 10:04:50 [stack startID]:{1365790}
2016-04-23 10:04:50 [stack endID]:{1365789}
2016-04-23 10:04:50 [access]:{12}
2016-04-23 10:04:55 [stack startID]:{1365790}
2016-04-23 10:04:55 [stack endID]:{1365789}
2016-04-23 10:04:55 [access]:{13}
2016-04-24 00:04:22 [stack startID]:{1365790}
2016-04-24 00:04:22 [stack endID]:{1366370}
2016-04-24 00:04:22 [access]:{499}
2016-04-24 00:04:13 [stack startID]:{1366371}
2016-04-24 00:04:13 [stack endID]:{1366370}
2016-04-24 00:04:13 [access]:{4}
2016-04-24 00:04:21 [stack startID]:{1366371}
2016-04-24 00:04:21 [stack endID]:{1366370}
2016-04-24 00:04:21 [access]:{4}
2016-04-24 07:04:34 [stack startID]:{1366371}
2016-04-24 07:04:34 [stack endID]:{1366370}
2016-04-24 07:04:34 [access]:{4}
2016-05-11 23:05:21 [最新数据2016-05-11，今天没有更新]:{}
2016-05-15 14:05:10 [stack startID]:{1377814}
2016-05-15 14:05:10 [stack endID]:{1378176}
2016-05-15 14:05:10 [access]:{301}
2016-06-29 12:06:58 [安庆:0]:{}
2016-06-29 12:06:59 [亳州:0]:{}
2016-06-29 12:06:59 [砀山:0]:{}
2016-06-29 12:06:00 [合肥周谷堆:0]:{}
2016-06-29 12:06:00 [和县:0]:{}
2016-06-29 12:06:01 [淮北:0]:{}
2016-06-29 12:06:02 [六安紫竹林:0]:{}
2016-06-29 12:06:02 [马鞍山安民:0]:{}
2016-06-29 12:06:03 [宿州南关:0]:{}
2016-06-29 12:06:18 [裕安紫竹林:0]:{}
2016-06-29 12:06:19 [北京八里桥:0]:{}
2016-06-29 12:06:19 [北京大洋路:0]:{}
2016-06-29 12:06:20 [北京锦绣大地:0]:{}
2016-06-29 12:06:21 [北京日上:0]:{}
2016-06-29 12:06:21 [北京水屯:0]:{}
2016-06-29 12:06:22 [北京顺鑫石门:0]:{}
2016-06-29 12:06:23 [北京新发地:0]:{}
2016-06-29 12:06:23 [北京玉泉路:0]:{}
2016-06-29 12:06:24 [北京岳各庄:0]:{}
2016-06-29 12:06:25 [福鼎:0]:{}
2016-06-29 12:06:25 [福州:0]:{}
2016-06-29 12:06:26 [福州海峡:0]:{}
2016-06-29 12:06:27 [龙岩:0]:{}
2016-06-29 12:06:27 [南平:0]:{}
2016-06-29 12:06:43 [宁德:0]:{}
2016-06-29 12:06:43 [安庆:0]:{}
2016-06-29 12:06:56 [亳州:0]:{}
2016-06-29 12:06:56 [莆田:0]:{}
2016-06-29 12:06:57 [泉州:0]:{}
2016-06-29 12:06:57 [砀山:0]:{}
2016-06-29 12:06:58 [合肥周谷堆:0]:{}
2016-06-29 12:06:58 [三明:0]:{}
2016-06-29 12:06:59 [和县:0]:{}
2016-06-29 12:06:59 [厦门:0]:{}
2016-06-29 12:06:00 [同安闽南:0]:{}
2016-06-29 12:06:00 [淮北:0]:{}
2016-06-29 12:06:15 [六安紫竹林:0]:{}
2016-06-29 12:06:15 [漳州:0]:{}
2016-06-29 12:06:16 [马鞍山安民:0]:{}
2016-06-29 12:06:16 [靖远:0]:{}
2016-06-29 12:06:17 [宿州南关:0]:{}
2016-06-29 12:06:17 [酒泉春光:0]:{}
2016-06-29 12:06:18 [兰州大青山:0]:{}
2016-06-29 12:06:18 [裕安紫竹林:0]:{}
2016-06-29 12:06:19 [陇西清吉:0]:{}
2016-06-29 12:06:20 [北京八里桥:0]:{}
2016-06-29 12:06:20 [天水瀛池:0]:{}
2016-06-29 12:06:20 [北京大洋路:0]:{}
2016-06-29 12:06:21 [北京锦绣大地:0]:{}
2016-06-29 12:06:22 [武山:0]:{}
2016-06-29 12:06:22 [北京日上:0]:{}
2016-06-29 12:06:22 [东莞大京九:0]:{}
2016-06-29 12:06:23 [北京水屯:0]:{}
2016-06-29 12:06:23 [广州江南:0]:{}
2016-06-29 12:06:24 [惠州农产品物流中心:0]:{}
2016-06-29 12:06:25 [北京顺鑫石门:0]:{}
2016-06-29 12:06:40 [北京新发地:0]:{}
2016-06-29 12:06:40 [江门水产:0]:{}
2016-06-29 12:06:55 [北京玉泉路:0]:{}
2016-06-29 12:06:56 [江门水果:0]:{}
2016-06-29 12:06:56 [汕头:0]:{}
2016-06-29 12:06:57 [北京岳各庄:0]:{}
2016-06-29 12:06:57 [福鼎:0]:{}
2016-06-29 12:06:58 [深圳南山批发:0]:{}
2016-06-29 12:06:58 [福州:0]:{}
2016-06-29 12:06:58 [南宁五里亭:0]:{}
2016-06-29 12:06:59 [田阳:0]:{}
2016-06-29 12:06:00 [福州海峡:0]:{}
2016-06-29 12:06:15 [龙岩:0]:{}
2016-06-29 12:06:15 [玉屏:0]:{}
2016-06-29 12:06:21 [遵义虾子辣椒:0]:{}
2016-06-29 12:06:21 [南平:0]:{}
2016-06-29 12:06:22 [保定批发:0]:{}
2016-06-29 12:06:22 [宁德:0]:{}
2016-06-29 12:06:23 [沧州红枣:0]:{}
2016-06-29 12:06:23 [莆田:0]:{}
2016-06-29 12:06:24 [泉州:0]:{}
2016-06-29 12:06:24 [馆陶金凤:0]:{}
2016-06-29 12:06:25 [三明:0]:{}
2016-06-29 12:06:25 [怀来京西:0]:{}
2016-06-29 12:06:40 [乐亭冀东:0]:{}
2016-06-29 12:06:41 [厦门:0]:{}
2016-06-29 12:06:46 [同安闽南:0]:{}
2016-06-29 12:06:46 [秦皇岛昌黎批发:0]:{}
2016-06-29 12:06:47 [漳州:0]:{}
2016-06-29 12:06:47 [秦皇岛海阳:0]:{}
2016-06-29 12:06:48 [饶阳:0]:{}
2016-06-29 12:06:48 [靖远:0]:{}
2016-06-29 12:06:49 [三河:0]:{}
2016-06-29 12:06:49 [酒泉春光:0]:{}
2016-06-29 12:06:50 [石家庄桥西批发:0]:{}
2016-06-29 12:06:50 [兰州大青山:0]:{}
2016-06-29 12:06:05 [陇西清吉:0]:{}
2016-06-29 12:06:05 [唐山荷花坑:0]:{}
2016-06-29 12:06:21 [威县瓜菜:0]:{}
2016-06-29 12:06:21 [天水瀛池:0]:{}
2016-06-29 12:06:22 [魏县天仙:0]:{}
2016-06-29 12:06:22 [武山:0]:{}
2016-06-29 12:06:23 [东莞大京九:0]:{}
2016-06-29 12:06:23 [安阳批发:0]:{}
2016-06-29 12:06:24 [广州江南:0]:{}
2016-06-29 12:06:24 [南阳果品:0]:{}
2016-06-29 12:06:25 [濮阳批发:0]:{}
2016-06-29 12:06:25 [惠州农产品物流中心:0]:{}
2016-06-29 12:06:40 [三门峡原店:0]:{}
2016-06-29 12:06:41 [江门水产:0]:{}
2016-06-29 12:06:56 [商丘批发:0]:{}
2016-06-29 12:06:56 [江门水果:0]:{}
2016-06-29 12:06:57 [汕头:0]:{}
2016-06-29 12:06:57 [信阳豫信花生:0]:{}
2016-06-29 12:06:58 [郑州毛庄:0]:{}
2016-06-29 12:06:58 [深圳南山批发:0]:{}
2016-06-29 12:06:59 [北安北方商场:0]:{}
2016-06-29 12:06:59 [南宁五里亭:0]:{}
2016-06-29 12:06:00 [田阳:0]:{}
2016-06-29 12:06:00 [玉屏:0]:{}
2016-06-29 12:06:16 [遵义虾子辣椒:0]:{}
2016-06-29 12:06:16 [保定批发:0]:{}
2016-06-29 12:06:17 [沧州红枣:0]:{}
2016-06-29 12:06:17 [馆陶金凤:0]:{}
2016-06-29 12:06:18 [怀来京西:0]:{}
2016-06-29 12:06:19 [乐亭冀东:0]:{}
2016-06-29 12:06:19 [秦皇岛昌黎批发:0]:{}
2016-06-29 12:06:20 [秦皇岛海阳:0]:{}
2016-06-29 12:06:21 [饶阳:0]:{}
2016-06-29 12:06:21 [三河:0]:{}
2016-06-29 12:06:22 [石家庄桥西批发:0]:{}
2016-06-29 12:06:22 [唐山荷花坑:0]:{}
2016-06-29 12:06:23 [威县瓜菜:0]:{}
2016-06-29 12:06:24 [魏县天仙:0]:{}
2016-06-29 12:06:24 [安阳批发:0]:{}
2016-06-29 12:06:25 [南阳果品:0]:{}
2016-06-29 12:06:40 [濮阳批发:0]:{}
2016-06-29 12:06:55 [三门峡原店:0]:{}
2016-06-29 12:06:56 [商丘批发:0]:{}
2016-06-29 12:06:57 [信阳豫信花生:0]:{}
2016-06-29 12:06:57 [郑州毛庄:0]:{}
2016-06-29 12:06:58 [北安北方商场:0]:{}
2016-09-07 08:09:35 [安庆2016-09-06:109]:{}
2016-09-07 08:09:36 [亳州2016-09-06:109]:{}
2016-09-07 08:09:37 [砀山2016-09-06:109]:{}
2016-09-07 08:09:37 [合肥周谷堆2016-09-06:109]:{}
2016-09-07 08:09:38 [和县2016-09-06:109]:{}
2016-09-07 08:09:39 [淮北2016-09-06:109]:{}
2016-09-07 08:09:40 [六安紫竹林2016-09-06:109]:{}
2016-09-07 08:09:40 [马鞍山安民2016-09-06:109]:{}
2016-09-07 08:09:41 [宿州南关2016-09-06:109]:{}
2016-09-07 08:09:42 [裕安紫竹林2016-09-06:109]:{}
2016-09-07 08:09:42 [北京八里桥2016-09-06:109]:{}
2016-09-07 08:09:43 [北京大洋路2016-09-06:109]:{}
2016-09-07 08:09:43 [北京锦绣大地2016-09-06:109]:{}
2016-09-07 08:09:44 [北京日上2016-09-06:109]:{}
2016-09-07 08:09:45 [北京水屯2016-09-06:109]:{}
2016-09-07 08:09:45 [北京顺鑫石门2016-09-06:109]:{}
2016-09-07 08:09:46 [北京新发地2016-09-06:109]:{}
2016-09-07 08:09:47 [北京玉泉路2016-09-06:109]:{}
2016-09-07 08:09:47 [北京岳各庄2016-09-06:109]:{}
2016-09-07 08:09:48 [福鼎2016-09-06:109]:{}
2016-09-07 08:09:49 [福州2016-09-06:109]:{}
2016-09-07 08:09:49 [福州海峡2016-09-06:109]:{}
2016-09-07 08:09:50 [龙岩2016-09-06:109]:{}
2016-09-07 08:09:51 [南平2016-09-06:109]:{}
2016-09-07 08:09:51 [宁德2016-09-06:109]:{}
2016-09-07 08:09:53 [莆田2016-09-06:109]:{}
2016-09-07 08:09:53 [最新数据2016-09-06，今天没有更新]:{}
2016-09-07 08:09:53 [泉州2016-09-06:109]:{}
2016-09-07 08:09:54 [三明2016-09-06:109]:{}
2016-09-07 08:09:55 [厦门2016-09-06:109]:{}
2016-09-07 08:09:55 [同安闽南2016-09-06:109]:{}
2016-09-07 08:09:56 [漳州2016-09-06:109]:{}
2016-09-07 08:09:56 [靖远2016-09-06:109]:{}
2016-09-07 08:09:57 [酒泉春光2016-09-06:109]:{}
2016-09-07 08:09:58 [兰州大青山2016-09-06:109]:{}
2016-09-07 08:09:58 [陇西清吉2016-09-06:109]:{}
2016-09-07 08:09:59 [天水瀛池2016-09-06:109]:{}
2016-09-07 08:09:00 [武山2016-09-06:109]:{}
2016-09-07 08:09:00 [东莞大京九2016-09-06:109]:{}
2016-09-07 08:09:01 [广州江南2016-09-06:109]:{}
2016-09-07 08:09:02 [惠州农产品物流中心2016-09-06:109]:{}
2016-09-07 08:09:02 [江门水产2016-09-06:109]:{}
2016-09-07 08:09:03 [江门水果2016-09-06:109]:{}
2016-09-07 08:09:04 [汕头2016-09-06:109]:{}
2016-09-07 08:09:04 [深圳南山批发2016-09-06:109]:{}
2016-09-07 08:09:05 [南宁五里亭2016-09-06:109]:{}
2016-09-07 08:09:06 [田阳2016-09-06:109]:{}
2016-09-07 08:09:07 [玉屏2016-09-06:109]:{}
2016-09-07 08:09:08 [遵义虾子辣椒2016-09-06:109]:{}
2016-09-07 08:09:09 [保定批发2016-09-06:109]:{}
2016-09-07 08:09:09 [沧州红枣2016-09-06:109]:{}
2016-09-07 08:09:10 [馆陶金凤2016-09-06:109]:{}
2016-09-07 08:09:11 [怀来京西2016-09-06:109]:{}
2016-09-07 08:09:12 [乐亭冀东2016-09-06:109]:{}
2016-09-07 08:09:13 [秦皇岛昌黎批发2016-09-06:109]:{}
2016-09-07 08:09:14 [秦皇岛海阳2016-09-06:109]:{}
2016-09-07 08:09:15 [饶阳2016-09-06:109]:{}
2016-09-07 08:09:15 [三河2016-09-06:109]:{}
2016-09-07 08:09:16 [石家庄桥西批发2016-09-06:109]:{}
2016-09-07 08:09:17 [唐山荷花坑2016-09-06:109]:{}
2016-09-07 08:09:18 [威县瓜菜2016-09-06:109]:{}
2016-09-07 08:09:19 [魏县天仙2016-09-06:109]:{}
2016-09-07 08:09:20 [安阳批发2016-09-06:109]:{}
2016-09-07 08:09:21 [南阳果品2016-09-06:109]:{}
2016-09-07 08:09:22 [濮阳批发2016-09-06:109]:{}
2016-09-07 08:09:23 [三门峡原店2016-09-06:109]:{}
2016-09-07 08:09:24 [商丘批发2016-09-06:109]:{}
2016-09-07 08:09:24 [信阳豫信花生2016-09-06:109]:{}
2016-09-07 08:09:25 [郑州毛庄2016-09-06:109]:{}
2016-09-07 08:09:26 [北安北方商场2016-09-06:109]:{}
2016-09-07 08:09:27 [大庆九区2016-09-06:109]:{}
2016-09-07 08:09:28 [抚远同鑫2016-09-06:109]:{}
2016-09-07 08:09:29 [甘南农贸2016-09-06:109]:{}
2016-09-07 08:09:30 [哈尔滨哈达2016-09-06:109]:{}
2016-09-07 08:09:30 [鹤岗工农批发2016-09-06:109]:{}
2016-09-07 08:09:31 [鹤岗万圃源2016-09-06:109]:{}
2016-09-07 08:09:32 [呼玛综合2016-09-06:109]:{}
2016-09-07 08:09:33 [虎林农贸2016-09-06:109]:{}
2016-09-07 08:09:34 [鸡东世纪村2016-09-06:109]:{}
2016-09-07 08:09:35 [鸡西南山2016-09-06:109]:{}
2016-09-07 08:09:36 [佳木斯沿江2016-09-06:109]:{}
2016-09-07 08:09:37 [萝北中央红大兴超市2016-09-06:109]:{}
2016-09-07 08:09:37 [漠河北锤2016-09-06:109]:{}
2016-09-07 08:09:38 [七星街2016-09-06:109]:{}
2016-09-07 08:09:39 [绥化华辰2016-09-06:109]:{}
2016-09-07 08:09:40 [泰来综合2016-09-06:109]:{}
2016-09-07 08:09:41 [望奎华辰2016-09-06:109]:{}
2016-09-07 08:09:42 [逊克综合大市场2016-09-06:109]:{}
2016-09-07 08:09:43 [肇州农贸2016-09-06:109]:{}
2016-09-07 08:09:44 [鄂州蟠龙2016-09-06:109]:{}
2016-09-07 08:09:44 [洪湖2016-09-06:109]:{}
2016-09-07 08:09:45 [黄石农产品2016-09-06:109]:{}
2016-09-07 08:09:46 [十堰堰中2016-09-06:109]:{}
2016-09-07 08:09:47 [武汉白沙洲2016-09-06:109]:{}
2016-09-07 08:09:48 [武汉皇经堂2016-09-06:109]:{}
2016-09-07 08:09:49 [浠水2016-09-06:109]:{}
2016-09-07 08:09:49 [襄阳批发2016-09-06:109]:{}
2016-09-07 08:09:50 [孝感南大2016-09-06:109]:{}
2016-09-07 08:09:51 [宜昌金桥2016-09-06:109]:{}
2016-09-07 08:09:52 [长沙马王堆2016-09-06:109]:{}
2016-09-07 08:09:53 [常德甘露寺2016-09-06:109]:{}
2016-09-07 08:09:54 [衡阳西园2016-09-06:109]:{}
2016-09-07 08:09:55 [红星2016-09-06:109]:{}
2016-09-07 08:09:56 [吉首2016-09-06:109]:{}
2016-09-07 08:09:56 [益阳团洲2016-09-06:109]:{}
2016-09-07 08:09:57 [岳阳花板桥2016-09-06:109]:{}
2016-09-07 08:09:58 [辽源贸发2016-09-06:109]:{}
2016-09-07 08:09:59 [常州2016-09-06:109]:{}
2016-09-07 08:09:00 [常州凌家塘2016-09-06:109]:{}
2016-09-07 08:09:01 [丰县2016-09-06:109]:{}
2016-09-07 08:09:02 [淮海2016-09-06:109]:{}
2016-09-07 08:09:03 [建湖水产2016-09-06:109]:{}
2016-09-07 08:09:04 [南京众彩物流2016-09-06:109]:{}
2016-09-07 08:09:05 [苏州南环桥2016-09-06:109]:{}
2016-09-07 08:09:05 [无锡朝阳2016-09-06:109]:{}
2016-09-07 08:09:06 [无锡天鹏2016-09-06:109]:{}
2016-09-07 08:09:07 [徐州淮海蔬菜2016-09-06:109]:{}
2016-09-07 08:09:08 [徐州七里沟2016-09-06:109]:{}
2016-09-07 08:09:09 [扬州联谊2016-09-06:109]:{}
2016-09-07 08:09:10 [宜兴2016-09-06:109]:{}
2016-09-07 08:09:11 [赣州南北2016-09-06:109]:{}
2016-09-07 08:09:11 [乐平2016-09-06:109]:{}
2016-09-07 08:09:12 [南昌农产品2016-09-06:109]:{}
2016-09-07 08:09:13 [南方粮食2016-09-06:109]:{}
2016-09-07 08:09:14 [永丰2016-09-06:109]:{}
2016-09-07 08:09:15 [鞍山宁远2016-09-06:109]:{}
2016-09-07 08:09:16 [朝阳果菜2016-09-06:109]:{}
2016-09-07 08:09:17 [大连双兴2016-09-06:109]:{}
2016-09-07 08:09:17 [阜新蔬菜2016-09-06:109]:{}
2016-09-07 08:09:18 [包头友谊2016-09-06:109]:{}
2016-09-07 08:09:19 [赤峰西城2016-09-06:109]:{}
2016-09-07 08:09:20 [呼和浩特东瓦窑 2016-09-06:109]:{}
2016-09-07 08:09:21 [呼和浩特美通2016-09-06:109]:{}
2016-09-07 08:09:22 [吴忠鑫鲜2016-09-06:109]:{}
2016-09-07 08:09:23 [银川北环2016-09-06:109]:{}
2016-09-07 08:09:24 [中卫东园2016-09-06:109]:{}
2016-09-07 08:09:24 [西宁仁杰2016-09-06:109]:{}
2016-09-07 08:09:25 [滨州六街2016-09-06:109]:{}
2016-09-07 08:09:26 [苍山鲁南2016-09-06:109]:{}
2016-09-07 08:09:27 [德州黑马2016-09-06:109]:{}
2016-09-07 08:09:28 [济南七里堡2016-09-06:109]:{}
2016-09-07 08:09:29 [临邑2016-09-06:109]:{}
2016-09-07 08:09:30 [宁津2016-09-06:109]:{}
2016-09-07 08:09:30 [青岛沧口2016-09-06:109]:{}
2016-09-07 08:09:31 [青岛城阳批发2016-09-06:109]:{}
2016-09-07 08:09:32 [青岛东庄头2016-09-06:109]:{}
2016-09-07 08:09:33 [青岛抚顺路2016-09-06:109]:{}
2016-09-07 08:09:34 [青岛黄河路2016-09-06:109]:{}
2016-09-07 08:09:35 [泰安良庄2016-09-06:109]:{}
2016-09-07 08:09:35 [威海水产品2016-09-06:109]:{}
2016-09-07 08:09:36 [章丘2016-09-06:109]:{}
2016-09-07 08:09:37 [淄博批发2016-09-06:109]:{}
2016-09-07 08:09:37 [长治金鑫瓜果2016-09-06:109]:{}
2016-09-07 08:09:38 [长治紫坊2016-09-06:109]:{}
2016-09-07 08:09:39 [大同振华2016-09-06:109]:{}
2016-09-07 08:09:39 [汾阳晋阳2016-09-06:109]:{}
2016-09-07 08:09:40 [晋城绿盛2016-09-06:109]:{}
2016-09-07 08:09:41 [晋城绿欣2016-09-06:109]:{}
2016-09-07 08:09:41 [临汾尧丰2016-09-06:109]:{}
2016-09-07 08:09:42 [吕梁离石批发2016-09-06:109]:{}
2016-09-07 08:09:43 [朔州大运2016-09-06:109]:{}
2016-09-07 08:09:43 [太原河西2016-09-06:109]:{}
2016-09-07 08:09:44 [太原利民2016-09-06:109]:{}
2016-09-07 08:09:44 [孝义绿海2016-09-06:109]:{}
2016-09-07 08:09:45 [新绛2016-09-06:109]:{}
2016-09-07 08:09:46 [阳泉批发2016-09-06:109]:{}
2016-09-07 08:09:46 [运城蔬菜2016-09-06:109]:{}
2016-09-07 08:09:47 [汉中皇冠过街楼2016-09-06:109]:{}
2016-09-07 08:09:48 [泾阳云阳2016-09-06:109]:{}
2016-09-07 08:09:48 [西安摩尔2016-09-06:109]:{}
2016-09-07 08:09:49 [咸阳新阳光2016-09-06:109]:{}
2016-09-07 08:09:50 [云阳2016-09-06:109]:{}
2016-09-07 08:09:50 [上海江桥2016-09-06:109]:{}
2016-09-07 08:09:51 [上海农产品2016-09-06:109]:{}
2016-09-07 08:09:52 [成都聚和2016-09-06:109]:{}
2016-09-07 08:09:52 [成都农产品2016-09-06:109]:{}
2016-09-07 08:09:53 [成都禽蛋2016-09-06:109]:{}
2016-09-07 08:09:54 [成都西部禽蛋2016-09-06:109]:{}
2016-09-07 08:09:54 [广安邻水批发2016-09-06:109]:{}
2016-09-07 08:09:55 [会东牲畜2016-09-06:109]:{}
2016-09-07 08:09:56 [江油仔猪2016-09-06:109]:{}
2016-09-07 08:09:56 [九襄2016-09-06:109]:{}
2016-09-07 08:09:57 [泸州仔猪2016-09-06:109]:{}
2016-09-07 08:09:58 [绵阳高水2016-09-06:109]:{}
2016-09-07 08:09:58 [西昌广平2016-09-06:109]:{}
2016-09-07 08:09:59 [天津北辰韩家墅2016-09-06:109]:{}
2016-09-07 08:09:00 [天津东丽金钟2016-09-06:109]:{}
2016-09-07 08:09:00 [天津津南何庄子2016-09-06:109]:{}
2016-09-07 08:09:01 [天津武清大沙河2016-09-06:109]:{}
2016-09-07 08:09:02 [天津西青当城2016-09-06:109]:{}
2016-09-07 08:09:02 [天津西青红旗2016-09-06:109]:{}
2016-09-07 08:09:03 [阿勒泰四季青2016-09-06:109]:{}
2016-09-07 08:09:03 [兵团农二师库尔勒孔雀2016-09-06:109]:{}
2016-09-07 08:09:04 [兵团农五师三和2016-09-06:109]:{}
2016-09-07 08:09:05 [博乐三和2016-09-06:109]:{}
2016-09-07 08:09:05 [昌吉通汇2016-09-06:109]:{}
2016-09-07 08:09:06 [喀什解放南路2016-09-06:109]:{}
2016-09-07 08:09:07 [克拉玛依农副2016-09-06:109]:{}
2016-09-07 08:09:07 [克州博格拉2016-09-06:109]:{}
2016-09-07 08:09:08 [石河子农产品交易中心2016-09-06:109]:{}
2016-09-07 08:09:09 [石河子农产品交易中心2016-09-06:109]:{}
2016-09-07 08:09:09 [吐鲁番天马家园2016-09-06:109]:{}
2016-09-07 08:09:10 [乌尔禾2016-09-06:109]:{}
2016-09-07 08:09:11 [乌鲁木齐北园春2016-09-06:109]:{}
2016-09-07 08:09:11 [乌鲁木齐凌庆2016-09-06:109]:{}
2016-09-07 08:09:12 [乌鲁木齐天鹰2016-09-06:109]:{}
2016-09-07 08:09:13 [乌鲁木齐通汇2016-09-06:109]:{}
2016-09-07 08:09:13 [焉耆光明2016-09-06:109]:{}
2016-09-07 08:09:14 [伊犁66团2016-09-06:109]:{}
2016-09-07 08:09:15 [伊宁天山街2016-09-06:109]:{}
2016-09-07 08:09:15 [昆明呈贡2016-09-06:109]:{}
2016-09-07 08:09:16 [昆明王旗营2016-09-06:109]:{}
2016-09-07 08:09:16 [通海2016-09-06:109]:{}
2016-09-07 08:09:17 [杭州良渚2016-09-06:109]:{}
2016-09-07 08:09:18 [杭州农产品2016-09-06:109]:{}
2016-09-07 08:09:18 [嘉善曹安2016-09-06:109]:{}
2016-09-07 08:09:19 [嘉善浙北2016-09-06:109]:{}
2016-09-07 08:09:20 [嘉兴蔬菜2016-09-06:109]:{}
2016-09-07 08:09:20 [嘉兴水果2016-09-06:109]:{}
2016-09-07 08:09:21 [金华农产品2016-09-06:109]:{}
2016-09-07 08:09:22 [宁波蔬菜2016-09-06:109]:{}
2016-09-07 08:09:22 [绍兴批发2016-09-06:109]:{}
2016-09-07 08:09:23 [义乌2016-09-06:109]:{}
2016-09-07 08:09:24 [余姚农副2016-09-06:109]:{}
2016-09-07 08:09:24 [浙西鼎顺蔬菜2016-09-06:109]:{}
2016-09-07 08:09:25 [重庆观音桥2016-09-06:109]:{}
2016-09-07 08:09:26 [重庆华牧肉业2016-09-06:109]:{}
2016-09-07 08:09:26 [重庆九龙坡太慈2016-09-06:109]:{}
2016-09-07 08:09:27 [重庆南坪正扬大2016-09-06:109]:{}
2016-09-07 08:09:28 [重庆新大兴国际批发2016-09-06:109]:{}
2016-09-07 08:09:28 [重庆永川南大街2016-09-06:109]:{}
2016-09-07 08:09:29 [重庆渝东水果2016-09-06:109]:{}
2016-09-07 08:09:30 [重庆渝中西三街2016-09-06:109]:{}
2016-09-07 08:09:30 [access 25288recorde]:{}
2016-09-11 20:09:05 [stack startID]:{1388415}
2016-09-11 20:09:05 [stack endID]:{1389386}
2016-09-11 20:09:05 [access]:{807}
